{"numFailedTestSuites":1,"numFailedTests":3,"numPassedTestSuites":0,"numPassedTests":0,"numPendingTestSuites":0,"numPendingTests":0,"numRuntimeErrorTestSuites":0,"numTodoTests":0,"numTotalTestSuites":1,"numTotalTests":3,"openHandles":[],"snapshot":{"added":0,"didUpdate":false,"failure":false,"filesAdded":0,"filesRemoved":0,"filesRemovedList":[],"filesUnmatched":0,"filesUpdated":0,"matched":0,"total":0,"unchecked":0,"uncheckedKeysByFile":[],"unmatched":0,"updated":0},"startTime":1755033957596,"success":false,"testResults":[{"assertionResults":[{"ancestorTitles":["ShiftBar payout PIN behavior (Jest env)"],"duration":1027,"failing":false,"failureDetails":[{"name":"TestingLibraryElementError"}],"failureMessages":["Error: Unable to find an element with the text: /Shift:/. This could be because the text is broken up by multiple elements. In this case, you can provide a function for your text matcher to make your matcher more flexible.\n\nIgnored nodes: comments, script, style\n\u001b[36m<body>\u001b[39m\n  \u001b[36m<div>\u001b[39m\n    \u001b[36m<div\u001b[39m\n      \u001b[33mclass\u001b[39m=\u001b[32m\"flex items-center gap-2\"\u001b[39m\n    \u001b[36m>\u001b[39m\n      \u001b[36m<span\u001b[39m\n        \u001b[33mclass\u001b[39m=\u001b[32m\"text-red-400 text-sm\"\u001b[39m\n      \u001b[36m>\u001b[39m\n        \u001b[0m⚠ \u001b[0m\n        \u001b[0mFailed to load shift\u001b[0m\n      \u001b[36m</span>\u001b[39m\n      \u001b[36m<button\u001b[39m\n        \u001b[33mclass\u001b[39m=\u001b[32m\"bg-green-600 hover:bg-green-700 text-white px-3 py-1 rounded flex items-center gap-2\"\u001b[39m\n      \u001b[36m>\u001b[39m\n        \u001b[36m<span>\u001b[39m\n          \u001b[0mOpen Shift\u001b[0m\n        \u001b[36m</span>\u001b[39m\n      \u001b[36m</button>\u001b[39m\n    \u001b[36m</div>\u001b[39m\n  \u001b[36m</div>\u001b[39m\n\u001b[36m</body>\u001b[39m\n    at waitForWrapper (C:\\Users\\giris\\Documents\\Code\\POS\\pos\\frontend\\node_modules\\@testing-library\\dom\\dist\\wait-for.js:163:27)\n    at C:\\Users\\giris\\Documents\\Code\\POS\\pos\\frontend\\src\\components\\shifts\\__tests__\\ShiftBar.jest.test.jsx:60:18\n    at Generator.call (C:\\Users\\giris\\Documents\\Code\\POS\\pos\\frontend\\src\\components\\shifts\\__tests__\\ShiftBar.jest.test.jsx:2:1)\n    at Generator._invoke [as next] (C:\\Users\\giris\\Documents\\Code\\POS\\pos\\frontend\\src\\components\\shifts\\__tests__\\ShiftBar.jest.test.jsx:2:1)\n    at asyncGeneratorStep (C:\\Users\\giris\\Documents\\Code\\POS\\pos\\frontend\\src\\components\\shifts\\__tests__\\ShiftBar.jest.test.jsx:2:1)\n    at asyncGeneratorStep (C:\\Users\\giris\\Documents\\Code\\POS\\pos\\frontend\\src\\components\\shifts\\__tests__\\ShiftBar.jest.test.jsx:2:1)"],"fullName":"ShiftBar payout PIN behavior (Jest env) below threshold skips PIN when not globally required","invocations":1,"location":null,"numPassingAsserts":0,"retryReasons":[],"startAt":1755033958577,"status":"failed","title":"below threshold skips PIN when not globally required"},{"ancestorTitles":["ShiftBar payout PIN behavior (Jest env)"],"duration":1007,"failing":false,"failureDetails":[{"name":"TestingLibraryElementError"}],"failureMessages":["Error: Unable to find an element with the text: /Shift:/. This could be because the text is broken up by multiple elements. In this case, you can provide a function for your text matcher to make your matcher more flexible.\n\nIgnored nodes: comments, script, style\n\u001b[36m<body>\u001b[39m\n  \u001b[36m<div>\u001b[39m\n    \u001b[36m<div\u001b[39m\n      \u001b[33mclass\u001b[39m=\u001b[32m\"flex items-center gap-2\"\u001b[39m\n    \u001b[36m>\u001b[39m\n      \u001b[36m<span\u001b[39m\n        \u001b[33mclass\u001b[39m=\u001b[32m\"text-red-400 text-sm\"\u001b[39m\n      \u001b[36m>\u001b[39m\n        \u001b[0m⚠ \u001b[0m\n        \u001b[0mFailed to load shift\u001b[0m\n      \u001b[36m</span>\u001b[39m\n      \u001b[36m<button\u001b[39m\n        \u001b[33mclass\u001b[39m=\u001b[32m\"bg-green-600 hover:bg-green-700 text-white px-3 py-1 rounded flex items-center gap-2\"\u001b[39m\n      \u001b[36m>\u001b[39m\n        \u001b[36m<span>\u001b[39m\n          \u001b[0mOpen Shift\u001b[0m\n        \u001b[36m</span>\u001b[39m\n      \u001b[36m</button>\u001b[39m\n    \u001b[36m</div>\u001b[39m\n  \u001b[36m</div>\u001b[39m\n\u001b[36m</body>\u001b[39m\n    at waitForWrapper (C:\\Users\\giris\\Documents\\Code\\POS\\pos\\frontend\\node_modules\\@testing-library\\dom\\dist\\wait-for.js:163:27)\n    at C:\\Users\\giris\\Documents\\Code\\POS\\pos\\frontend\\src\\components\\shifts\\__tests__\\ShiftBar.jest.test.jsx:80:18\n    at Generator.call (C:\\Users\\giris\\Documents\\Code\\POS\\pos\\frontend\\src\\components\\shifts\\__tests__\\ShiftBar.jest.test.jsx:2:1)\n    at Generator._invoke [as next] (C:\\Users\\giris\\Documents\\Code\\POS\\pos\\frontend\\src\\components\\shifts\\__tests__\\ShiftBar.jest.test.jsx:2:1)\n    at asyncGeneratorStep (C:\\Users\\giris\\Documents\\Code\\POS\\pos\\frontend\\src\\components\\shifts\\__tests__\\ShiftBar.jest.test.jsx:2:1)\n    at asyncGeneratorStep (C:\\Users\\giris\\Documents\\Code\\POS\\pos\\frontend\\src\\components\\shifts\\__tests__\\ShiftBar.jest.test.jsx:2:1)"],"fullName":"ShiftBar payout PIN behavior (Jest env) at/above threshold requires PIN with success","invocations":1,"location":null,"numPassingAsserts":0,"retryReasons":[],"startAt":1755033959605,"status":"failed","title":"at/above threshold requires PIN with success"},{"ancestorTitles":["ShiftBar payout PIN behavior (Jest env)"],"duration":1017,"failing":false,"failureDetails":[{"name":"TestingLibraryElementError"}],"failureMessages":["Error: Unable to find an element with the text: /Shift:/. This could be because the text is broken up by multiple elements. In this case, you can provide a function for your text matcher to make your matcher more flexible.\n\nIgnored nodes: comments, script, style\n\u001b[36m<body>\u001b[39m\n  \u001b[36m<div>\u001b[39m\n    \u001b[36m<div\u001b[39m\n      \u001b[33mclass\u001b[39m=\u001b[32m\"flex items-center gap-2\"\u001b[39m\n    \u001b[36m>\u001b[39m\n      \u001b[36m<span\u001b[39m\n        \u001b[33mclass\u001b[39m=\u001b[32m\"text-red-400 text-sm\"\u001b[39m\n      \u001b[36m>\u001b[39m\n        \u001b[0m⚠ \u001b[0m\n        \u001b[0mFailed to load shift\u001b[0m\n      \u001b[36m</span>\u001b[39m\n      \u001b[36m<button\u001b[39m\n        \u001b[33mclass\u001b[39m=\u001b[32m\"bg-green-600 hover:bg-green-700 text-white px-3 py-1 rounded flex items-center gap-2\"\u001b[39m\n      \u001b[36m>\u001b[39m\n        \u001b[36m<span>\u001b[39m\n          \u001b[0mOpen Shift\u001b[0m\n        \u001b[36m</span>\u001b[39m\n      \u001b[36m</button>\u001b[39m\n    \u001b[36m</div>\u001b[39m\n  \u001b[36m</div>\u001b[39m\n\u001b[36m</body>\u001b[39m\n    at waitForWrapper (C:\\Users\\giris\\Documents\\Code\\POS\\pos\\frontend\\node_modules\\@testing-library\\dom\\dist\\wait-for.js:163:27)\n    at C:\\Users\\giris\\Documents\\Code\\POS\\pos\\frontend\\src\\components\\shifts\\__tests__\\ShiftBar.jest.test.jsx:101:18\n    at Generator.call (C:\\Users\\giris\\Documents\\Code\\POS\\pos\\frontend\\src\\components\\shifts\\__tests__\\ShiftBar.jest.test.jsx:2:1)\n    at Generator._invoke [as next] (C:\\Users\\giris\\Documents\\Code\\POS\\pos\\frontend\\src\\components\\shifts\\__tests__\\ShiftBar.jest.test.jsx:2:1)\n    at asyncGeneratorStep (C:\\Users\\giris\\Documents\\Code\\POS\\pos\\frontend\\src\\components\\shifts\\__tests__\\ShiftBar.jest.test.jsx:2:1)\n    at asyncGeneratorStep (C:\\Users\\giris\\Documents\\Code\\POS\\pos\\frontend\\src\\components\\shifts\\__tests__\\ShiftBar.jest.test.jsx:2:1)\n    at runNextTicks (node:internal/process/task_queues:65:5)\n    at listOnTimeout (node:internal/timers:569:9)\n    at processTimers (node:internal/timers:543:7)"],"fullName":"ShiftBar payout PIN behavior (Jest env) at/above threshold with invalid PIN blocks","invocations":1,"location":null,"numPassingAsserts":0,"retryReasons":[],"startAt":1755033960612,"status":"failed","title":"at/above threshold with invalid PIN blocks"}],"endTime":1755033961640,"message":"\u001b[1m\u001b[31m  \u001b[1m● \u001b[22m\u001b[1mShiftBar payout PIN behavior (Jest env) › below threshold skips PIN when not globally required\u001b[39m\u001b[22m\n\n    Unable to find an element with the text: /Shift:/. This could be because the text is broken up by multiple elements. In this case, you can provide a function for your text matcher to make your matcher more flexible.\n\n    Ignored nodes: comments, script, style\n    \u001b[36m<body>\u001b[39m\n      \u001b[36m<div>\u001b[39m\n        \u001b[36m<div\u001b[39m\n          \u001b[33mclass\u001b[39m=\u001b[32m\"flex items-center gap-2\"\u001b[39m\n        \u001b[36m>\u001b[39m\n          \u001b[36m<span\u001b[39m\n            \u001b[33mclass\u001b[39m=\u001b[32m\"text-red-400 text-sm\"\u001b[39m\n          \u001b[36m>\u001b[39m\n            \u001b[0m⚠ \u001b[0m\n            \u001b[0mFailed to load shift\u001b[0m\n          \u001b[36m</span>\u001b[39m\n          \u001b[36m<button\u001b[39m\n            \u001b[33mclass\u001b[39m=\u001b[32m\"bg-green-600 hover:bg-green-700 text-white px-3 py-1 rounded flex items-center gap-2\"\u001b[39m\n          \u001b[36m>\u001b[39m\n            \u001b[36m<span>\u001b[39m\n              \u001b[0mOpen Shift\u001b[0m\n            \u001b[36m</span>\u001b[39m\n          \u001b[36m</button>\u001b[39m\n        \u001b[36m</div>\u001b[39m\n      \u001b[36m</div>\u001b[39m\n    \u001b[36m</body>\u001b[39m\n\u001b[2m\u001b[22m\n\u001b[2m    \u001b[0m \u001b[90m 58 |\u001b[39m   it(\u001b[32m'below threshold skips PIN when not globally required'\u001b[39m\u001b[33m,\u001b[39m \u001b[36masync\u001b[39m () \u001b[33m=>\u001b[39m {\u001b[22m\n\u001b[2m     \u001b[90m 59 |\u001b[39m     \u001b[36mconst\u001b[39m { user } \u001b[33m=\u001b[39m \u001b[36mawait\u001b[39m setup()\u001b[33m;\u001b[39m\u001b[22m\n\u001b[2m    \u001b[31m\u001b[1m>\u001b[22m\u001b[2m\u001b[39m\u001b[90m 60 |\u001b[39m     \u001b[36mawait\u001b[39m waitFor(() \u001b[33m=>\u001b[39m expect(screen\u001b[33m.\u001b[39mgetByText(\u001b[35m/Shift:/\u001b[39m))\u001b[33m.\u001b[39mtoBeInTheDocument())\u001b[33m;\u001b[39m\u001b[22m\n\u001b[2m     \u001b[90m    |\u001b[39m                  \u001b[31m\u001b[1m^\u001b[22m\u001b[2m\u001b[39m\u001b[22m\n\u001b[2m     \u001b[90m 61 |\u001b[39m\u001b[22m\n\u001b[2m     \u001b[90m 62 |\u001b[39m     \u001b[36mawait\u001b[39m user\u001b[33m.\u001b[39mclick(screen\u001b[33m.\u001b[39mgetByRole(\u001b[32m'button'\u001b[39m\u001b[33m,\u001b[39m { name\u001b[33m:\u001b[39m \u001b[35m/Payout/i\u001b[39m }))\u001b[33m;\u001b[39m\u001b[22m\n\u001b[2m     \u001b[90m 63 |\u001b[39m\u001b[0m\u001b[22m\n\u001b[2m\u001b[22m\n\u001b[2m      \u001b[2mat waitForWrapper (\u001b[22m\u001b[2mnode_modules/@testing-library/dom/dist/wait-for.js\u001b[2m:163:27)\u001b[22m\u001b[2m\u001b[22m\n\u001b[2m      \u001b[2mat \u001b[22m\u001b[2m\u001b[0m\u001b[36msrc/components/shifts/__tests__/ShiftBar.jest.test.jsx\u001b[39m\u001b[0m\u001b[2m:60:18\u001b[22m\u001b[2m\u001b[22m\n\u001b[2m      \u001b[2mat Generator.call (\u001b[22m\u001b[2m\u001b[0m\u001b[36msrc/components/shifts/__tests__/ShiftBar.jest.test.jsx\u001b[39m\u001b[0m\u001b[2m:2:1)\u001b[22m\u001b[2m\u001b[22m\n\u001b[2m      \u001b[2mat Generator._invoke [as next] (\u001b[22m\u001b[2m\u001b[0m\u001b[36msrc/components/shifts/__tests__/ShiftBar.jest.test.jsx\u001b[39m\u001b[0m\u001b[2m:2:1)\u001b[22m\u001b[2m\u001b[22m\n\u001b[2m      \u001b[2mat asyncGeneratorStep (\u001b[22m\u001b[2m\u001b[0m\u001b[36msrc/components/shifts/__tests__/ShiftBar.jest.test.jsx\u001b[39m\u001b[0m\u001b[2m:2:1)\u001b[22m\u001b[2m\u001b[22m\n\u001b[2m      \u001b[2mat asyncGeneratorStep (\u001b[22m\u001b[2m\u001b[0m\u001b[36msrc/components/shifts/__tests__/ShiftBar.jest.test.jsx\u001b[39m\u001b[0m\u001b[2m:2:1)\u001b[22m\u001b[2m\u001b[22m\n\n\u001b[1m\u001b[31m  \u001b[1m● \u001b[22m\u001b[1mShiftBar payout PIN behavior (Jest env) › at/above threshold requires PIN with success\u001b[39m\u001b[22m\n\n    Unable to find an element with the text: /Shift:/. This could be because the text is broken up by multiple elements. In this case, you can provide a function for your text matcher to make your matcher more flexible.\n\n    Ignored nodes: comments, script, style\n    \u001b[36m<body>\u001b[39m\n      \u001b[36m<div>\u001b[39m\n        \u001b[36m<div\u001b[39m\n          \u001b[33mclass\u001b[39m=\u001b[32m\"flex items-center gap-2\"\u001b[39m\n        \u001b[36m>\u001b[39m\n          \u001b[36m<span\u001b[39m\n            \u001b[33mclass\u001b[39m=\u001b[32m\"text-red-400 text-sm\"\u001b[39m\n          \u001b[36m>\u001b[39m\n            \u001b[0m⚠ \u001b[0m\n            \u001b[0mFailed to load shift\u001b[0m\n          \u001b[36m</span>\u001b[39m\n          \u001b[36m<button\u001b[39m\n            \u001b[33mclass\u001b[39m=\u001b[32m\"bg-green-600 hover:bg-green-700 text-white px-3 py-1 rounded flex items-center gap-2\"\u001b[39m\n          \u001b[36m>\u001b[39m\n            \u001b[36m<span>\u001b[39m\n              \u001b[0mOpen Shift\u001b[0m\n            \u001b[36m</span>\u001b[39m\n          \u001b[36m</button>\u001b[39m\n        \u001b[36m</div>\u001b[39m\n      \u001b[36m</div>\u001b[39m\n    \u001b[36m</body>\u001b[39m\n\u001b[2m\u001b[22m\n\u001b[2m    \u001b[0m \u001b[90m 78 |\u001b[39m     mockVerifyPin\u001b[33m.\u001b[39mmockResolvedValueOnce({ ok\u001b[33m:\u001b[39m \u001b[36mtrue\u001b[39m })\u001b[33m;\u001b[39m\u001b[22m\n\u001b[2m     \u001b[90m 79 |\u001b[39m     \u001b[36mconst\u001b[39m { user } \u001b[33m=\u001b[39m \u001b[36mawait\u001b[39m setup()\u001b[33m;\u001b[39m\u001b[22m\n\u001b[2m    \u001b[31m\u001b[1m>\u001b[22m\u001b[2m\u001b[39m\u001b[90m 80 |\u001b[39m     \u001b[36mawait\u001b[39m waitFor(() \u001b[33m=>\u001b[39m expect(screen\u001b[33m.\u001b[39mgetByText(\u001b[35m/Shift:/\u001b[39m))\u001b[33m.\u001b[39mtoBeInTheDocument())\u001b[33m;\u001b[39m\u001b[22m\n\u001b[2m     \u001b[90m    |\u001b[39m                  \u001b[31m\u001b[1m^\u001b[22m\u001b[2m\u001b[39m\u001b[22m\n\u001b[2m     \u001b[90m 81 |\u001b[39m\u001b[22m\n\u001b[2m     \u001b[90m 82 |\u001b[39m     \u001b[36mawait\u001b[39m user\u001b[33m.\u001b[39mclick(screen\u001b[33m.\u001b[39mgetByRole(\u001b[32m'button'\u001b[39m\u001b[33m,\u001b[39m { name\u001b[33m:\u001b[39m \u001b[35m/Payout/i\u001b[39m }))\u001b[33m;\u001b[39m\u001b[22m\n\u001b[2m     \u001b[90m 83 |\u001b[39m     \u001b[36mconst\u001b[39m amount \u001b[33m=\u001b[39m screen\u001b[33m.\u001b[39mgetByLabelText(\u001b[35m/Amount/i\u001b[39m)\u001b[33m;\u001b[39m\u001b[0m\u001b[22m\n\u001b[2m\u001b[22m\n\u001b[2m      \u001b[2mat waitForWrapper (\u001b[22m\u001b[2mnode_modules/@testing-library/dom/dist/wait-for.js\u001b[2m:163:27)\u001b[22m\u001b[2m\u001b[22m\n\u001b[2m      \u001b[2mat \u001b[22m\u001b[2m\u001b[0m\u001b[36msrc/components/shifts/__tests__/ShiftBar.jest.test.jsx\u001b[39m\u001b[0m\u001b[2m:80:18\u001b[22m\u001b[2m\u001b[22m\n\u001b[2m      \u001b[2mat Generator.call (\u001b[22m\u001b[2m\u001b[0m\u001b[36msrc/components/shifts/__tests__/ShiftBar.jest.test.jsx\u001b[39m\u001b[0m\u001b[2m:2:1)\u001b[22m\u001b[2m\u001b[22m\n\u001b[2m      \u001b[2mat Generator._invoke [as next] (\u001b[22m\u001b[2m\u001b[0m\u001b[36msrc/components/shifts/__tests__/ShiftBar.jest.test.jsx\u001b[39m\u001b[0m\u001b[2m:2:1)\u001b[22m\u001b[2m\u001b[22m\n\u001b[2m      \u001b[2mat asyncGeneratorStep (\u001b[22m\u001b[2m\u001b[0m\u001b[36msrc/components/shifts/__tests__/ShiftBar.jest.test.jsx\u001b[39m\u001b[0m\u001b[2m:2:1)\u001b[22m\u001b[2m\u001b[22m\n\u001b[2m      \u001b[2mat asyncGeneratorStep (\u001b[22m\u001b[2m\u001b[0m\u001b[36msrc/components/shifts/__tests__/ShiftBar.jest.test.jsx\u001b[39m\u001b[0m\u001b[2m:2:1)\u001b[22m\u001b[2m\u001b[22m\n\n\u001b[1m\u001b[31m  \u001b[1m● \u001b[22m\u001b[1mShiftBar payout PIN behavior (Jest env) › at/above threshold with invalid PIN blocks\u001b[39m\u001b[22m\n\n    Unable to find an element with the text: /Shift:/. This could be because the text is broken up by multiple elements. In this case, you can provide a function for your text matcher to make your matcher more flexible.\n\n    Ignored nodes: comments, script, style\n    \u001b[36m<body>\u001b[39m\n      \u001b[36m<div>\u001b[39m\n        \u001b[36m<div\u001b[39m\n          \u001b[33mclass\u001b[39m=\u001b[32m\"flex items-center gap-2\"\u001b[39m\n        \u001b[36m>\u001b[39m\n          \u001b[36m<span\u001b[39m\n            \u001b[33mclass\u001b[39m=\u001b[32m\"text-red-400 text-sm\"\u001b[39m\n          \u001b[36m>\u001b[39m\n            \u001b[0m⚠ \u001b[0m\n            \u001b[0mFailed to load shift\u001b[0m\n          \u001b[36m</span>\u001b[39m\n          \u001b[36m<button\u001b[39m\n            \u001b[33mclass\u001b[39m=\u001b[32m\"bg-green-600 hover:bg-green-700 text-white px-3 py-1 rounded flex items-center gap-2\"\u001b[39m\n          \u001b[36m>\u001b[39m\n            \u001b[36m<span>\u001b[39m\n              \u001b[0mOpen Shift\u001b[0m\n            \u001b[36m</span>\u001b[39m\n          \u001b[36m</button>\u001b[39m\n        \u001b[36m</div>\u001b[39m\n      \u001b[36m</div>\u001b[39m\n    \u001b[36m</body>\u001b[39m\n\u001b[2m\u001b[22m\n\u001b[2m    \u001b[0m \u001b[90m  99 |\u001b[39m     mockVerifyPin\u001b[33m.\u001b[39mmockResolvedValueOnce({ ok\u001b[33m:\u001b[39m \u001b[36mfalse\u001b[39m })\u001b[33m;\u001b[39m\u001b[22m\n\u001b[2m     \u001b[90m 100 |\u001b[39m     \u001b[36mconst\u001b[39m { user } \u001b[33m=\u001b[39m \u001b[36mawait\u001b[39m setup()\u001b[33m;\u001b[39m\u001b[22m\n\u001b[2m    \u001b[31m\u001b[1m>\u001b[22m\u001b[2m\u001b[39m\u001b[90m 101 |\u001b[39m     \u001b[36mawait\u001b[39m waitFor(() \u001b[33m=>\u001b[39m expect(screen\u001b[33m.\u001b[39mgetByText(\u001b[35m/Shift:/\u001b[39m))\u001b[33m.\u001b[39mtoBeInTheDocument())\u001b[33m;\u001b[39m\u001b[22m\n\u001b[2m     \u001b[90m     |\u001b[39m                  \u001b[31m\u001b[1m^\u001b[22m\u001b[2m\u001b[39m\u001b[22m\n\u001b[2m     \u001b[90m 102 |\u001b[39m\u001b[22m\n\u001b[2m     \u001b[90m 103 |\u001b[39m     \u001b[36mawait\u001b[39m user\u001b[33m.\u001b[39mclick(screen\u001b[33m.\u001b[39mgetByRole(\u001b[32m'button'\u001b[39m\u001b[33m,\u001b[39m { name\u001b[33m:\u001b[39m \u001b[35m/Payout/i\u001b[39m }))\u001b[33m;\u001b[39m\u001b[22m\n\u001b[2m     \u001b[90m 104 |\u001b[39m     \u001b[36mconst\u001b[39m amount \u001b[33m=\u001b[39m screen\u001b[33m.\u001b[39mgetByLabelText(\u001b[35m/Amount/i\u001b[39m)\u001b[33m;\u001b[39m\u001b[0m\u001b[22m\n\u001b[2m\u001b[22m\n\u001b[2m      \u001b[2mat waitForWrapper (\u001b[22m\u001b[2mnode_modules/@testing-library/dom/dist/wait-for.js\u001b[2m:163:27)\u001b[22m\u001b[2m\u001b[22m\n\u001b[2m      \u001b[2mat \u001b[22m\u001b[2m\u001b[0m\u001b[36msrc/components/shifts/__tests__/ShiftBar.jest.test.jsx\u001b[39m\u001b[0m\u001b[2m:101:18\u001b[22m\u001b[2m\u001b[22m\n\u001b[2m      \u001b[2mat Generator.call (\u001b[22m\u001b[2m\u001b[0m\u001b[36msrc/components/shifts/__tests__/ShiftBar.jest.test.jsx\u001b[39m\u001b[0m\u001b[2m:2:1)\u001b[22m\u001b[2m\u001b[22m\n\u001b[2m      \u001b[2mat Generator._invoke [as next] (\u001b[22m\u001b[2m\u001b[0m\u001b[36msrc/components/shifts/__tests__/ShiftBar.jest.test.jsx\u001b[39m\u001b[0m\u001b[2m:2:1)\u001b[22m\u001b[2m\u001b[22m\n\u001b[2m      \u001b[2mat asyncGeneratorStep (\u001b[22m\u001b[2m\u001b[0m\u001b[36msrc/components/shifts/__tests__/ShiftBar.jest.test.jsx\u001b[39m\u001b[0m\u001b[2m:2:1)\u001b[22m\u001b[2m\u001b[22m\n\u001b[2m      \u001b[2mat asyncGeneratorStep (\u001b[22m\u001b[2m\u001b[0m\u001b[36msrc/components/shifts/__tests__/ShiftBar.jest.test.jsx\u001b[39m\u001b[0m\u001b[2m:2:1)\u001b[22m\u001b[2m\u001b[22m\n","name":"C:\\Users\\giris\\Documents\\Code\\POS\\pos\\frontend\\src\\components\\shifts\\__tests__\\ShiftBar.jest.test.jsx","startTime":1755033957897,"status":"failed","summary":""}],"wasInterrupted":false}
